/home/pinky/autocart_ws/install/autocart_sim/lib/python3.12/site-packages/autocart_sim/__init__.py
/home/pinky/autocart_ws/install/autocart_sim/lib/python3.12/site-packages/autocart_sim/__pycache__/__init__.cpython-312.pyc
/home/pinky/autocart_ws/install/autocart_sim/share/ament_index/resource_index/packages/autocart_sim
/home/pinky/autocart_ws/install/autocart_sim/share/autocart_sim/package.xml
/home/pinky/autocart_ws/install/autocart_sim/share/autocart_sim/launch/gazebo_world.launch.py
/home/pinky/autocart_ws/install/autocart_sim/share/autocart_sim/launch/cart_bringup.launch.py
/home/pinky/autocart_ws/install/autocart_sim/share/autocart_sim/worlds/stopandshop_brigham.world
/home/pinky/autocart_ws/install/autocart_sim/share/autocart_sim/models/cart.urdf
/home/pinky/autocart_ws/install/autocart_sim/lib/python3.12/site-packages/autocart_sim-0.0.1-py3.12.egg-info/PKG-INFO
/home/pinky/autocart_ws/install/autocart_sim/lib/python3.12/site-packages/autocart_sim-0.0.1-py3.12.egg-info/top_level.txt
/home/pinky/autocart_ws/install/autocart_sim/lib/python3.12/site-packages/autocart_sim-0.0.1-py3.12.egg-info/requires.txt
/home/pinky/autocart_ws/install/autocart_sim/lib/python3.12/site-packages/autocart_sim-0.0.1-py3.12.egg-info/zip-safe
/home/pinky/autocart_ws/install/autocart_sim/lib/python3.12/site-packages/autocart_sim-0.0.1-py3.12.egg-info/SOURCES.txt
/home/pinky/autocart_ws/install/autocart_sim/lib/python3.12/site-packages/autocart_sim-0.0.1-py3.12.egg-info/dependency_links.txt
/home/pinky/autocart_ws/install/autocart_sim/lib/python3.12/site-packages/autocart_sim-0.0.1-py3.12.egg-info/entry_points.txt
/home/pinky/autocart_ws/install/autocart_sim/lib/autocart_sim/ekf_fusion_node
/home/pinky/autocart_ws/install/autocart_sim/lib/autocart_sim/gps_odom_node
/home/pinky/autocart_ws/install/autocart_sim/lib/autocart_sim/imu_odom_node
/home/pinky/autocart_ws/install/autocart_sim/lib/autocart_sim/lane_camera_node
/home/pinky/autocart_ws/install/autocart_sim/lib/autocart_sim/stuck_detector_node
/home/pinky/autocart_ws/install/autocart_sim/lib/autocart_sim/waypoint_nav_node
